======================================================================
  v8 blend: v17 (mid-life) + v25 (dynamics-aware EOL)
======================================================================

[1] dynamics 피처 CSV 로드...

[2] v17 예측 import...
======================================================================
  v17 + v18 블렌딩 (LOBO 검증)
======================================================================

[1] 두 버전 피처 추출...

[2] LOBO 예측 (각 베어링 → 자기 fold 모델로)...
  Train1: L=126  p17_last=11424  p18_last=600  true_last=600
  Train2: L=114  p17_last=5375  p18_last=600  true_last=600
  Train3: L=89  p17_last=187  p18_last=600  true_last=600
  Train4: L=137  p17_last=18841  p18_last=600  true_last=600

[3] HI-conditioned 블렌딩 그리드서치...
  (목표: 4-fold 평균 full score 최대화. last는 부수 효과)

  ── Top 10 by full ──
 thr  slope  beta     full     last  combined
0.90     40  1.10 0.636905 0.307585  0.538109
0.85     40  1.10 0.634053 0.585655  0.619533
0.90     40  1.05 0.632465 0.373319  0.554721
0.85     20  1.10 0.629542 0.233512  0.510733
0.85     40  1.05 0.628186 0.701925  0.650308
0.90     20  1.10 0.626481 0.243486  0.511583
0.85     20  1.05 0.624547 0.280524  0.521340
0.90     20  1.05 0.622898 0.252527  0.511787
0.90     40  1.00 0.622711 0.442580  0.568672
0.80     20  1.10 0.617641 0.332527  0.532107

  ── Top 10 by combined (0.7*full + 0.3*last) ──
 thr  slope  beta     full     last  combined
0.80     40  1.00 0.599227 0.974861  0.711917
0.75     40  1.00 0.584672 0.996523  0.708227
0.80     40  0.95 0.582743 1.000000  0.707920
0.70     40  1.00 0.577792 0.999529  0.704313
0.85     40  0.90 0.584501 0.979336  0.702951
0.85     40  0.95 0.601734 0.938265  0.702693
0.85     40  0.85 0.568586 1.000000  0.698010
0.75     40  0.95 0.567791 1.000000  0.697454
0.60     40  1.00 0.567490 0.999990  0.697240
0.30     40  1.00 0.566834 1.000000  0.696784

[4] 베이스라인 비교 ──
  v17 only:  full=0.5952  last=0.2500
  v18 only:  full=0.5759  last=1.0000
  blend best full:      thr=0.9  slope=40  β=1.1  full=0.6369  last=0.3076
  blend best combined:  thr=0.8  slope=40  β=1.0  full=0.5992  last=0.9749

[5] 최적 (best full) thr=0.9 slope=40 β=1.1 적용 시각화...

[6] Test1~6 추론 (블렌드 적용)...
  Test1: HI_last=0.46  v17=32035s  v18=39775s  blend_full=35238s  blend_combined=32035s
  Test2: HI_last=0.50  v17=33556s  v18=39303s  blend_full=36912s  blend_combined=33556s
  Test3: HI_last=0.16  v17=6449s  v18=7311s  blend_full=7094s  blend_combined=6449s
  Test4: HI_last=0.45  v17=14113s  v18=9818s  blend_full=15524s  blend_combined=14113s
  Test5: HI_last=0.94  v17=14645s  v18=600s  blend_full=2938s  blend_combined=644s
  Test6: HI_last=0.41  v17=11641s  v18=881s  blend_full=12806s  blend_combined=11641s

  → /Users/gusdn0828/Documents/GitHub/azudae/03_김현우_Ensemble/results/submission_v24_v17v22_full.xlsx
  → /Users/gusdn0828/Documents/GitHub/azudae/03_김현우_Ensemble/results/submission_v24_v17v22_combined.xlsx
Bearing  N_meas  Last_t_s  HI_last    RUL_v17_s    RUL_v18_s  RUL_blend_full_s  RUL_blend_combined_s  RUL_blend_full_h  RUL_blend_combined_h
  Test1      50   29400.0 0.463047 32034.888672 39774.742188      35238.378906          32034.900391          9.788439              8.898583
  Test2      50   29400.0 0.500329 33556.097656 39302.578125      36911.707031          33556.136719         10.253252              9.321149
  Test3      50   29400.0 0.164828  6449.326660  7311.160156       7094.259277           6449.326660          1.970628              1.791480
  Test4      50   29400.0 0.448163 14112.529297  9818.417969      15523.782227          14112.526367          4.312162              3.920146
  Test5      50   29400.0 0.943873 14644.736328   600.000000       2937.664307            644.341187          0.816018              0.178984
  Test6      50   29400.0 0.410086 11641.371094   881.115540      12805.508789          11641.369141          3.557086              3.233714

[3] v17 LOBO 예측 + v25 LOBO 예측...
  Train1: p17_last=11424  p25_last=600  true=600
  Train2: p17_last=5375  p25_last=600  true=600
  Train3: p17_last=187  p25_last=14314  true=600
  Train4: p17_last=18841  p25_last=600  true=600

[4] HI-conditioned 블렌드 그리드서치...
  Top 10 by full:
 thr  slope  beta     full     last  combined
0.90     40  1.10 0.626114 0.122256  0.474957
0.90     40  1.05 0.625099 0.153397  0.483588
0.90     40  1.00 0.618571 0.192580  0.490774
0.85     40  1.10 0.617466 0.407727  0.554545
0.90     20  1.10 0.616512 0.001710  0.432072
0.90     20  1.05 0.615633 0.002527  0.431701
0.85     40  1.05 0.615292 0.490394  0.577823
0.85     20  1.10 0.611933 0.033282  0.438337
0.85     20  1.05 0.610266 0.043754  0.440313
0.90     20  1.00 0.607908 0.003737  0.426657

  Top 10 by combined:
 thr  slope  beta     full     last  combined
0.80     40  1.00 0.588082 0.724863  0.629116
0.80     40  0.95 0.572855 0.750000  0.625998
0.75     40  1.00 0.573243 0.746525  0.625228
0.85     40  0.90 0.574960 0.729337  0.621273
0.70     40  1.00 0.566032 0.749528  0.621081
0.85     40  0.95 0.591187 0.688266  0.620311
0.85     40  0.85 0.560554 0.750000  0.617388
0.60     40  1.00 0.559388 0.749991  0.616569
0.75     40  0.95 0.559242 0.750000  0.616469
0.50     40  1.00 0.557426 0.750000  0.615198

  v17 only:  full=0.5984  last=0.0962
  v25 only:  full=0.5429  last=0.7500
  blend best full:      thr=0.9 slope=40 β=1.1 full=0.6261 last=0.1223
  blend best combined:  thr=0.8 slope=40 β=1.0 full=0.5881 last=0.7249

[5] Test 추론 (v17 + v25 ensemble)...
  Test1: HI=0.46  v17=32035s  v25=33627s  full=35238s  comb=32035s
  Test2: HI=0.50  v17=33556s  v25=22654s  full=36912s  comb=33556s
  Test3: HI=0.16  v17=6449s  v25=7040s  full=7094s  comb=6449s
  Test4: HI=0.45  v17=14113s  v25=6718s  full=15524s  comb=14113s
  Test5: HI=0.94  v17=14645s  v25=1437s  full=3722s  comb=1479s
  Test6: HI=0.41  v17=11641s  v25=2458s  full=12806s  comb=11641s

  Saved blend grid: /Users/gusdn0828/Documents/GitHub/azudae/03_김현우_Ensemble/results/blend_v17v25_grid.csv
  Saved submissions: submission_v8_v17v25_{full,combined}.xlsx
Bearing  HI_last    RUL_v17_s    RUL_v25_s   RUL_full_s  RUL_combined_s  RUL_combined_h
  Test1 0.463047 32034.888672 33627.218750 35238.377584    32034.890903        8.898581
  Test2 0.500329 33556.097656 22654.099609 36911.706054    33556.029786        9.321119
  Test3 0.164828  6449.326660  7039.562500  7094.259326     6449.326660        1.791480
  Test4 0.448163 14112.529297  6717.958008 15523.782111    14112.523584        3.920145
  Test5 0.943873 14644.736328  1436.841797  3722.478590     1478.541742        0.410706
  Test6 0.410086 11641.371094  2457.622803 12805.508172    11641.369547        3.233714
