======================================================================
  v9 blend: v17 (mid-life) + v26 (DA-aware EOL)
======================================================================

[1] dynamics 피처 CSV 로드...

[2] v17 helpers import...
======================================================================
  v17 + v18 블렌딩 (LOBO 검증)
======================================================================

[1] 두 버전 피처 추출...

[2] LOBO 예측 (각 베어링 → 자기 fold 모델로)...
  Train1: L=126  p17_last=11424  p18_last=600  true_last=600
  Train2: L=114  p17_last=5375  p18_last=600  true_last=600
  Train3: L=89  p17_last=187  p18_last=600  true_last=600
  Train4: L=137  p17_last=18841  p18_last=600  true_last=600

[3] HI-conditioned 블렌딩 그리드서치...
  (목표: 4-fold 평균 full score 최대화. last는 부수 효과)

  ── Top 10 by full ──
 thr  slope  beta     full     last  combined
0.90     40  1.10 0.636905 0.307585  0.538109
0.85     40  1.10 0.634053 0.585655  0.619533
0.90     40  1.05 0.632465 0.373319  0.554721
0.85     20  1.10 0.629542 0.233512  0.510733
0.85     40  1.05 0.628186 0.701925  0.650308
0.90     20  1.10 0.626481 0.243486  0.511583
0.85     20  1.05 0.624547 0.280524  0.521340
0.90     20  1.05 0.622898 0.252527  0.511787
0.90     40  1.00 0.622711 0.442580  0.568672
0.80     20  1.10 0.617641 0.332527  0.532107

  ── Top 10 by combined (0.7*full + 0.3*last) ──
 thr  slope  beta     full     last  combined
0.80     40  1.00 0.599227 0.974861  0.711917
0.75     40  1.00 0.584672 0.996523  0.708227
0.80     40  0.95 0.582743 1.000000  0.707920
0.70     40  1.00 0.577792 0.999529  0.704313
0.85     40  0.90 0.584501 0.979336  0.702951
0.85     40  0.95 0.601734 0.938265  0.702693
0.85     40  0.85 0.568586 1.000000  0.698010
0.75     40  0.95 0.567791 1.000000  0.697454
0.60     40  1.00 0.567490 0.999990  0.697240
0.30     40  1.00 0.566834 1.000000  0.696784

[4] 베이스라인 비교 ──
  v17 only:  full=0.5952  last=0.2500
  v18 only:  full=0.5759  last=1.0000
  blend best full:      thr=0.9  slope=40  β=1.1  full=0.6369  last=0.3076
  blend best combined:  thr=0.8  slope=40  β=1.0  full=0.5992  last=0.9749

[5] 최적 (best full) thr=0.9 slope=40 β=1.1 적용 시각화...

[6] Test1~6 추론 (블렌드 적용)...
  Test1: HI_last=0.46  v17=32035s  v18=39775s  blend_full=35238s  blend_combined=32035s
  Test2: HI_last=0.50  v17=33556s  v18=39303s  blend_full=36912s  blend_combined=33556s
  Test3: HI_last=0.16  v17=6449s  v18=7311s  blend_full=7094s  blend_combined=6449s
  Test4: HI_last=0.45  v17=14113s  v18=9818s  blend_full=15524s  blend_combined=14113s
  Test5: HI_last=0.94  v17=14645s  v18=600s  blend_full=2938s  blend_combined=644s
  Test6: HI_last=0.41  v17=11641s  v18=881s  blend_full=12806s  blend_combined=11641s

  → /Users/gusdn0828/Documents/GitHub/azudae/03_김현우_Ensemble/results/submission_v24_v17v22_full.xlsx
  → /Users/gusdn0828/Documents/GitHub/azudae/03_김현우_Ensemble/results/submission_v24_v17v22_combined.xlsx
Bearing  N_meas  Last_t_s  HI_last    RUL_v17_s    RUL_v18_s  RUL_blend_full_s  RUL_blend_combined_s  RUL_blend_full_h  RUL_blend_combined_h
  Test1      50   29400.0 0.463047 32034.888672 39774.742188      35238.378906          32034.900391          9.788439              8.898583
  Test2      50   29400.0 0.500329 33556.097656 39302.578125      36911.707031          33556.136719         10.253252              9.321149
  Test3      50   29400.0 0.164828  6449.326660  7311.160156       7094.259277           6449.326660          1.970628              1.791480
  Test4      50   29400.0 0.448163 14112.529297  9818.417969      15523.782227          14112.526367          4.312162              3.920146
  Test5      50   29400.0 0.943873 14644.736328   600.000000       2937.664307            644.341187          0.816018              0.178984
  Test6      50   29400.0 0.410086 11641.371094   881.115540      12805.508789          11641.369141          3.557086              3.233714

[3] v17 LOBO + v26 LOBO 예측...
  Train1: p17_last=11424  p26_last=600  true=600
  Train2: p17_last=5375  p26_last=600  true=600
  Train3: p17_last=187  p26_last=6313  true=600
  Train4: p17_last=18841  p26_last=600  true=600

[4] HI-conditioned grid search...
  Top 10 by full:
 thr  slope  beta     full         last  combined
0.90     40  1.05 0.626263 1.533970e-01  0.484403
0.90     40  1.10 0.623960 1.222559e-01  0.473448
0.90     20  1.05 0.622554 2.527230e-03  0.436546
0.90     40  1.00 0.622306 1.925800e-01  0.493388
0.85     40  1.05 0.620114 4.903935e-01  0.581198
0.90     10  1.05 0.619838 3.655547e-05  0.433897
0.90     20  1.10 0.619070 1.710456e-03  0.433862
0.90      3  1.05 0.618981 6.827317e-07  0.433287
0.85      3  1.05 0.618762 1.960063e-06  0.433134
0.80      3  1.05 0.617973 5.463569e-06  0.432582

  Top 10 by combined:
 thr  slope  beta     full     last  combined
0.80     40  1.00 0.602601 0.724863  0.639279
0.80     40  0.95 0.590437 0.750000  0.638306
0.75     40  1.00 0.590580 0.746525  0.637363
0.70     40  1.00 0.584842 0.749528  0.634248
0.50     20  1.00 0.585210 0.747250  0.633822
0.60     40  1.00 0.583301 0.749991  0.633308
0.50     40  1.00 0.583295 0.750000  0.633307
0.30     40  1.00 0.582519 0.750000  0.632764
0.30     20  1.00 0.582057 0.749950  0.632425
0.75     40  0.95 0.581352 0.750000  0.631946

  v17 only:  full=0.5984  last=0.0962
  v26 only:  full=0.5888  last=0.7500
  blend best full:      thr=0.9 slope=40 β=1.05 full=0.6263 last=0.1534
  blend best combined:  thr=0.8 slope=40 β=1.0 full=0.6026 last=0.7249

[5] Test 추론 (v17 + v26 ensemble)...
  Test1: HI=0.46  v17=32035s  v26=34131s  full=33637s  comb=32035s
  Test2: HI=0.50  v17=33556s  v26=25824s  full=35234s  comb=33556s
  Test3: HI=0.16  v17=6449s  v26=15502s  full=6772s  comb=6449s
  Test4: HI=0.45  v17=14113s  v26=13360s  full=14818s  comb=14113s
  Test5: HI=0.94  v17=14645s  v26=12482s  full=13441s  comb=12489s
  Test6: HI=0.41  v17=11641s  v26=18327s  full=12223s  comb=11641s

  Saved blend grid: /Users/gusdn0828/Documents/GitHub/azudae/03_김현우_Ensemble/results/blend_v17v26_grid.csv
  Saved submissions: submission_v9_v17v26_{full,combined}.xlsx
Bearing  HI_last    RUL_v17_s    RUL_v26_s   RUL_full_s  RUL_combined_s  RUL_combined_h
  Test1 0.463047 32034.888672 34130.707031 33636.633162    32034.891609        8.898581
  Test2 0.500329 33556.097656 25823.804688 35233.901613    33556.049519        9.321125
  Test3 0.164828  6449.326660 15502.257812  6771.792993     6449.326660        1.791480
  Test4 0.448163 14112.529297 13359.821289 14818.155751    14112.528715        3.920147
  Test5 0.943873 14644.736328 12482.133789 13441.012835    12488.961555        3.469156
  Test6 0.410086 11641.371094 18327.441406 12223.439670    11641.372220        3.233715
